[debug] [2017-11-19T19:46:51.493Z] ----------------------------------------------------------------------
[debug] [2017-11-19T19:46:51.497Z] Command:       /usr/local/bin/node /usr/local/bin/firebase serve
[debug] [2017-11-19T19:46:51.498Z] CLI Version:   3.15.2
[debug] [2017-11-19T19:46:51.498Z] Platform:      darwin
[debug] [2017-11-19T19:46:51.498Z] Node Version:  v6.11.2
[debug] [2017-11-19T19:46:51.499Z] Time:          Sun Nov 19 2017 20:46:51 GMT+0100 (CET)
[debug] [2017-11-19T19:46:51.499Z] ----------------------------------------------------------------------
[debug] 
[debug] [2017-11-19T19:46:51.523Z] > command requires scopes: ["email","openid","https://www.googleapis.com/auth/cloudplatformprojects.readonly","https://www.googleapis.com/auth/firebase","https://www.googleapis.com/auth/cloud-platform"]
[debug] [2017-11-19T19:46:51.523Z] > authorizing via signed-in user
[debug] [2017-11-19T19:46:51.527Z] >>> HTTP REQUEST GET https://admin.firebase.com/v1/projects/simonvanheukelomsite  
 Sun Nov 19 2017 20:46:51 GMT+0100 (CET)
[debug] [2017-11-19T19:46:52.334Z] <<< HTTP RESPONSE 200
[debug] [2017-11-19T19:46:52.337Z] >>> HTTP REQUEST GET https://admin.firebase.com/v1/database/simonvanheukelomsite/tokens  
 Sun Nov 19 2017 20:46:52 GMT+0100 (CET)
[debug] [2017-11-19T19:46:53.149Z] <<< HTTP RESPONSE 200
[info] 
[info] === Serving from '/Users/tmacair/Documents/WebsiteSimon/simonvanheukelomsite'...
[info] 
[debug] [2017-11-19T19:46:53.155Z] >>> HTTP REQUEST GET https://cloudresourcemanager.googleapis.com/v1/projects/simonvanheukelomsite  
 Sun Nov 19 2017 20:46:53 GMT+0100 (CET)
[debug] [2017-11-19T19:46:54.048Z] <<< HTTP RESPONSE 200
[debug] [2017-11-19T19:46:54.048Z] >>> HTTP REQUEST GET https://mobilesdk-pa.googleapis.com/v1/projects/518417118555/clients/_:getWebAppConfig  
 Sun Nov 19 2017 20:46:54 GMT+0100 (CET)
[debug] [2017-11-19T19:46:54.707Z] <<< HTTP RESPONSE 200
[info] i  hosting: Serving hosting files from: public
[info] ✔  hosting: Local server: http://localhost:5000

